bottle_red_stanford_norm & 19.2 & 14.5 & 10.0 & 33.1 & 38.5 & 42.8 \\
bowl_white_small_norm & 14.0 & 11.7 & 5.1 & 25.3 & 33.3 & 56.3 \\
camera_canon_len_norm & 6.0 & 1.5 & 2.1 & 14.3 & 16.6 & 49.5 \\
camera_canon_wo_len_norm & 66.6 & 37.5 & 77.9 & 84.4 & 90.5 & 58.7 \\
camera_shengjun_norm & 42.2 & 25.1 & 45.6 & 56.0 & 0.4 & 49.7 \\
can_green_norm & 27.7 & 5.9 & 36.7 & 40.4 & 27.3 & 45.6 \\
can_lotte_milk_norm & 53.6 & 29.0 & 60.9 & 70.8 & 76.4 & 61.1 \\
laptop_air_xin_norm & 37.6 & 35.9 & 50.1 & 26.7 & 26.5 & 87.3 \\
laptop_alienware_norm & 49.5 & 54.5 & 63.0 & 31.1 & 45.6 & 86.9 \\
laptop_mac_pro_norm & 31.8 & 21.9 & 45.7 & 27.8 & 13.8 & 90.0 \\
mug_anastasia_norm & 5.4 & 1.6 & 5.9 & 8.8 & 0.0 & 46.8 \\
mug_brown_starbucks_norm & 15.9 & 14.9 & 11.4 & 21.5 & 0.5 & 60.5 \\
mug_daniel_norm & 53.1 & 30.5 & 54.7 & 74.2 & 6.9 & 78.4 \\
Ours & 34.2 & 25.3 & 38.7 & 38.7 & 23.2 & 67.9 \\ 


======================== Performance Summary ========================
text_prompt_total       : 2000
visual_encode_total     : 28.0521s
prompt_encode_total     : 44.0360s
decode_total            : 8.2728s
loss_total              : 27.0157s
corr_total              : 7.6560s
pose_total              : 30.2156s
step_total (wall-clock) : 229.6810s
overhead                : 84.4328s
mean_total              : 0.1148s
mean_encode             : 0.0360s
VRAM_peak_max           : 12008.9 MB
mean_memory_allocated   : 3077.9 MB
=====================================================================