1 & 36.6 & 12.2 & 45.1 & 52.6 & 7.5 & 79.5 \\
2 & 28.6 & 7.2 & 41.3 & 37.3 & 1.6 & 58.9 \\
3 & 19.2 & 7.1 & 19.4 & 31.2 & 0.0 & 78.6 \\
4 & 35.2 & 14.8 & 38.1 & 52.6 & 0.0 & 77.6 \\
5 & 25.2 & 8.7 & 34.4 & 32.5 & 0.0 & 65.2 \\
6 & 15.5 & 9.0 & 17.3 & 20.1 & 0.0 & 80.5 \\
7 & 34.5 & 5.6 & 42.3 & 55.8 & 32.6 & 42.6 \\
8 & 7.3 & 1.4 & 7.1 & 13.3 & 0.9 & 22.7 \\
9 & 20.9 & 6.8 & 33.4 & 22.6 & 6.5 & 72.3 \\
10 & 58.1 & 12.0 & 77.6 & 84.6 & 42.6 & 70.0 \\
11 & 23.9 & 7.9 & 29.3 & 34.4 & 24.2 & 55.4 \\
12 & 65.4 & 14.5 & 88.2 & 93.4 & 84.1 & 80.0 \\
13 & 71.6 & 29.9 & 91.2 & 93.6 & 89.7 & 76.9 \\
14 & 17.2 & 14.1 & 24.8 & 12.5 & 2.7 & 68.8 \\
15 & 26.1 & 6.4 & 38.2 & 33.8 & 53.3 & 82.3 \\
16 & 23.4 & 14.9 & 28.2 & 27.2 & 35.2 & 93.5 \\
17 & 15.6 & 4.7 & 15.3 & 26.8 & 0.0 & 66.6 \\
18 & 25.3 & 19.3 & 24.3 & 32.1 & 4.1 & 77.8 \\
19 & 23.1 & 8.2 & 40.8 & 20.2 & 54.6 & 64.2 \\
20 & 29.7 & 14.4 & 33.9 & 40.8 & 3.1 & 79.2 \\
21 & 27.9 & 11.2 & 34.3 & 38.2 & 0.0 & 71.7 \\
Ours & 30.8 & 11.2 & 39.1 & 42.1 & 21.7 & 69.5 \\ 


======================== Performance Summary ========================
text_prompt_total       : 2000
visual_encode_total     : 29.2278s
prompt_encode_total     : 46.3998s
decode_total            : 8.3307s
loss_total              : 49.8680s
corr_total              : 4.2460s
pose_total              : 25.5962s
step_total (wall-clock) : 723.0796s
overhead                : 559.4110s
mean_total              : 0.3615s
mean_encode             : 0.0378s
VRAM_peak_max           : 12009.2 MB
mean_memory_allocated   : 3076.8 MB
=====================================================================