1 & 37.1 & 13.0 & 45.2 & 53.2 & 8.4 & 79.5 \\
2 & 33.5 & 10.9 & 49.8 & 39.8 & 1.6 & 59.5 \\
3 & 19.9 & 8.0 & 20.5 & 31.1 & 0.8 & 78.6 \\
4 & 36.5 & 15.7 & 39.2 & 54.6 & 0.0 & 77.6 \\
5 & 28.5 & 8.9 & 39.3 & 37.3 & 0.0 & 65.2 \\
6 & 17.3 & 11.1 & 19.1 & 21.6 & 0.0 & 80.5 \\
7 & 48.3 & 7.2 & 58.4 & 79.5 & 34.8 & 42.6 \\
8 & 22.3 & 7.0 & 32.2 & 27.7 & 2.8 & 22.7 \\
9 & 24.1 & 8.4 & 36.9 & 26.9 & 11.7 & 72.3 \\
10 & 58.1 & 13.4 & 77.4 & 83.4 & 45.3 & 70.0 \\
11 & 32.2 & 11.9 & 37.8 & 46.8 & 30.0 & 55.4 \\
12 & 65.6 & 15.4 & 87.8 & 93.6 & 83.0 & 80.0 \\
13 & 70.2 & 27.2 & 90.4 & 93.1 & 89.7 & 76.9 \\
14 & 18.1 & 16.4 & 23.9 & 14.0 & 2.7 & 68.8 \\
15 & 28.5 & 7.3 & 43.1 & 35.0 & 57.8 & 82.3 \\
16 & 23.1 & 14.2 & 27.2 & 27.7 & 33.8 & 93.5 \\
17 & 16.2 & 4.3 & 17.3 & 27.0 & 0.0 & 66.6 \\
18 & 25.3 & 18.6 & 24.7 & 32.5 & 3.3 & 77.8 \\
19 & 24.7 & 7.8 & 43.4 & 22.8 & 55.7 & 64.2 \\
20 & 28.2 & 13.3 & 32.7 & 38.7 & 3.1 & 79.2 \\
21 & 27.7 & 10.6 & 34.7 & 38.0 & 0.0 & 71.7 \\
Ours & 33.5 & 12.3 & 42.7 & 45.5 & 22.9 & 69.5 \\ 

Shared-feature stats: 2000 items, 4000 visual inputs, 2280 unique visual encodes (43.0% saved), 81 unique prompt encodes (96.0% saved)

======================== Performance Summary ========================
text_prompt_total       : 2000
visual_encode_total     : 17.6148s
prompt_encode_total     : 2.0203s
decode_total            : 8.5299s
loss_total              : 51.3776s
corr_total              : 4.5721s
pose_total              : 26.9532s
step_total (wall-clock) : 630.8322s
overhead                : 519.7643s
mean_total              : 0.3154s
mean_encode             : 0.0098s
VRAM_peak_max           : 4513.2 MB
mean_memory_allocated   : 2426.9 MB
=====================================================================