1 & 37.5 & 13.5 & 45.5 & 53.6 & 8.4 & 79.5 \\
2 & 33.8 & 10.8 & 50.8 & 39.8 & 1.6 & 59.5 \\
3 & 19.8 & 8.1 & 20.5 & 30.7 & 0.8 & 78.6 \\
4 & 36.6 & 15.5 & 39.4 & 55.0 & 0.0 & 77.6 \\
5 & 27.6 & 9.4 & 37.6 & 35.6 & 0.0 & 65.2 \\
6 & 17.5 & 11.3 & 19.5 & 21.7 & 0.0 & 80.5 \\
7 & 48.1 & 7.0 & 58.0 & 79.1 & 29.3 & 42.6 \\
8 & 21.2 & 7.5 & 31.3 & 24.7 & 2.8 & 22.7 \\
9 & 24.3 & 7.9 & 36.2 & 28.7 & 11.7 & 72.3 \\
10 & 58.0 & 13.3 & 77.1 & 83.6 & 44.6 & 70.0 \\
11 & 32.2 & 11.6 & 38.7 & 46.4 & 30.8 & 55.4 \\
12 & 65.5 & 15.1 & 88.2 & 93.4 & 83.0 & 80.0 \\
13 & 70.4 & 27.6 & 90.4 & 93.2 & 91.8 & 76.9 \\
14 & 17.1 & 15.2 & 22.7 & 13.4 & 0.9 & 68.8 \\
15 & 27.5 & 6.7 & 41.8 & 34.1 & 55.6 & 82.3 \\
16 & 22.0 & 13.0 & 26.5 & 26.6 & 32.4 & 93.5 \\
17 & 16.3 & 4.3 & 17.4 & 27.3 & 0.0 & 66.6 \\
18 & 25.0 & 18.4 & 24.2 & 32.4 & 3.3 & 77.8 \\
19 & 24.1 & 7.7 & 43.6 & 21.0 & 54.6 & 64.2 \\
20 & 28.4 & 13.5 & 32.3 & 39.2 & 3.1 & 79.2 \\
21 & 27.8 & 10.2 & 35.3 & 38.0 & 0.0 & 71.7 \\
Ours & 33.3 & 12.1 & 42.5 & 45.1 & 22.4 & 69.5 \\ 


======================== Performance Summary ========================
text_prompt_total       : 2000
visual_encode_total     : 29.0216s
prompt_encode_total     : 44.9435s
decode_total            : 7.6107s
loss_total              : 54.9867s
corr_total              : 4.6709s
pose_total              : 26.0961s
step_total (wall-clock) : 684.2508s
overhead                : 516.9212s
mean_total              : 0.3421s
mean_encode             : 0.0370s
VRAM_peak_max           : 12008.7 MB
mean_memory_allocated   : 3077.3 MB
=====================================================================