1 & 36.8 & 11.9 & 45.3 & 53.1 & 8.4 & 79.5 \\
2 & 28.9 & 7.4 & 41.6 & 37.6 & 3.2 & 58.9 \\
3 & 19.2 & 7.0 & 19.7 & 30.9 & 0.0 & 78.6 \\
4 & 35.2 & 14.7 & 38.3 & 52.6 & 0.0 & 77.6 \\
5 & 25.5 & 8.6 & 34.5 & 33.3 & 0.0 & 65.2 \\
6 & 15.3 & 9.2 & 16.7 & 20.1 & 0.0 & 80.5 \\
7 & 35.0 & 5.6 & 43.4 & 56.1 & 38.0 & 42.6 \\
8 & 7.1 & 1.4 & 6.9 & 12.9 & 0.9 & 22.7 \\
9 & 22.1 & 6.6 & 35.3 & 24.4 & 5.2 & 72.3 \\
10 & 57.8 & 11.9 & 77.4 & 84.3 & 42.6 & 70.0 \\
11 & 24.4 & 8.5 & 29.9 & 34.8 & 25.0 & 55.4 \\
12 & 65.5 & 14.4 & 88.2 & 94.0 & 84.1 & 80.0 \\
13 & 71.7 & 29.7 & 91.2 & 94.0 & 91.8 & 76.9 \\
14 & 15.7 & 12.7 & 23.3 & 11.1 & 1.8 & 68.8 \\
15 & 26.4 & 6.3 & 39.0 & 34.0 & 52.2 & 82.3 \\
16 & 20.7 & 12.1 & 24.6 & 25.4 & 31.0 & 93.5 \\
17 & 15.2 & 4.4 & 15.0 & 26.2 & 0.0 & 66.6 \\
18 & 25.3 & 19.0 & 24.3 & 32.5 & 4.9 & 77.8 \\
19 & 24.4 & 8.4 & 42.5 & 22.2 & 57.7 & 64.2 \\
20 & 29.4 & 14.5 & 33.4 & 40.3 & 3.1 & 79.2 \\
21 & 27.4 & 11.2 & 33.9 & 37.0 & 0.0 & 71.7 \\
Ours & 30.8 & 11.0 & 39.1 & 42.2 & 22.1 & 69.5 \\ 

Shared-feature stats: 2000 items, 4000 visual inputs, 2280 unique visual encodes (43.0% saved), 81 unique prompt encodes (96.0% saved)

======================== Performance Summary ========================
text_prompt_total       : 2000
visual_encode_total     : 17.8488s
prompt_encode_total     : 2.1033s
decode_total            : 8.4059s
loss_total              : 58.0220s
corr_total              : 4.9238s
pose_total              : 28.3338s
step_total (wall-clock) : 684.9080s
overhead                : 565.2703s
mean_total              : 0.3425s
mean_encode             : 0.0100s
VRAM_peak_max           : 8994.9 MB
mean_memory_allocated   : 2426.9 MB
=====================================================================